omegalib data search paths:
::: /data/evl/febret/dttools/data-mh
::: /data/evl/omegalib-user/apps
::: /data/evl/omegalib-user/core/data
omegalib application config lookup:
::: trying orun/orun.cfg
::: not found, trying orun.cfg
::: not found, trying default.cfg
::: found config: default.cfg
>>>>>>>>>>>>>>>>>>>>>>>>>>>>>>>>>>>>>>>>>>>>>>>>>>>>>>>>>>>>>>>>>>>>>>>>>>>>>>>> OMEGALIB BOOT
SystemManager::setup
Opened config file: default.cfg
Opened config file: evl/lyra-xinerama.cfg
SystemManager::setupDisplaySystem: type = Equalizer
Bezel size: 0.005 0.005
canvas pixel size: 24588 3072
Service added: NetService
Initializing mission control server...
MissionControlServer: adding log listener
Executing: ssh -n lyra-36 cd /data/evl/febret/dttools/data-mh; orun -c default.cfg@lyra-36:24011
ServiceManager::initialize
Event buffer allocated. Max events: 1024
